生成启动时间为 2019/3/17 15:41:46。
     1>项目“D:\bit\zuoye1\zuoye1\zuoye1.vcxproj”在节点 2 上(Build 个目标)。
     1>ClCompile:
         D:\Program Files (x86)\Microsoft Visual Studio 12.0\VC\bin\CL.exe /c /ZI /nologo /W3 /WX- /sdl /Od /Oy- /D _MBCS /Gm /EHsc /RTC1 /MDd /GS /fp:precise /Zc:wchar_t /Zc:forScope /Fo"Debug\\" /Fd"Debug\vc120.pdb" /Gd /TC /analyze- /errorReport:prompt su_shu.c swap.c
         swap.c
         su_shu.c
         正在生成代码...
       Link:
         D:\Program Files (x86)\Microsoft Visual Studio 12.0\VC\bin\link.exe /ERRORREPORT:PROMPT /OUT:"D:\bit\zuoye1\Debug\zuoye1.exe" /INCREMENTAL /NOLOGO kernel32.lib user32.lib gdi32.lib winspool.lib comdlg32.lib advapi32.lib shell32.lib ole32.lib oleaut32.lib uuid.lib odbc32.lib odbccp32.lib /MANIFEST /MANIFESTUAC:"level='asInvoker' uiAccess='false'" /manifest:embed /DEBUG /PDB:"D:\bit\zuoye1\Debug\zuoye1.pdb" /TLBID:1 /DYNAMICBASE /NXCOMPAT /IMPLIB:"D:\bit\zuoye1\Debug\zuoye1.lib" /MACHINE:X86 Debug\run_nian.obj
         Debug\su_shu.obj
         Debug\swap.obj
     1>su_shu.obj : error LNK2005: _main 已经在 run_nian.obj 中定义
     1>swap.obj : error LNK2005: _main 已经在 run_nian.obj 中定义
     1>D:\bit\zuoye1\Debug\zuoye1.exe : fatal error LNK1169: 找到一个或多个多重定义的符号
     1>已完成生成项目“D:\bit\zuoye1\zuoye1\zuoye1.vcxproj”(Build 个目标)的操作 - 失败。

生成失败。

已用时间 00:00:00.75
